{
  "stats": {
    "suites": 1,
    "tests": 3,
    "passes": 2,
    "pending": 0,
    "failures": 1,
    "start": "2022-12-03T02:35:51.933Z",
    "end": "2022-12-03T02:38:54.546Z",
    "duration": 182613,
    "testsRegistered": 3,
    "passPercent": 66.66666666666666,
    "pendingPercent": 0,
    "other": 0,
    "hasOther": false,
    "skipped": 0,
    "hasSkipped": false
  },
  "results": [
    {
      "uuid": "52d68c26-58ce-4e1a-9dc2-9e96e5a0d615",
      "title": "",
      "fullFile": "D:\\Belajar QA\\Api_Mocha_Chai\\test\\get_neows_test.js",
      "file": "\\test\\get_neows_test.js",
      "beforeHooks": [],
      "afterHooks": [],
      "tests": [],
      "suites": [
        {
          "uuid": "03c5c84b-b1bd-4c61-925a-fff7594fd7ac",
          "title": "@get As User I want to see data Neows",
          "fullFile": "D:\\Belajar QA\\Api_Mocha_Chai\\test\\get_neows_test.js",
          "file": "\\test\\get_neows_test.js",
          "beforeHooks": [],
          "afterHooks": [],
          "tests": [
            {
              "title": "@positive As User I want to see object near earth",
              "fullTitle": "@get As User I want to see data Neows @positive As User I want to see object near earth",
              "timedOut": false,
              "duration": 1252,
              "state": "passed",
              "speed": "slow",
              "pass": true,
              "fail": false,
              "pending": false,
              "context": null,
              "code": "const response = await page.getNeows(payload);\nassert(response.status).to.equal(200);\nassert(response.body).to.be.jsonSchema(schemavalid);",
              "err": {},
              "uuid": "1562a1ed-232b-4128-87e3-cd2b46fd04e6",
              "parentUUID": "03c5c84b-b1bd-4c61-925a-fff7594fd7ac",
              "isHook": false,
              "skipped": false
            },
            {
              "title": "@negative As User I  want to see object near earth more than 7 days",
              "fullTitle": "@get As User I want to see data Neows @negative As User I  want to see object near earth more than 7 days",
              "timedOut": true,
              "duration": 180016,
              "state": "failed",
              "speed": null,
              "pass": false,
              "fail": true,
              "pending": false,
              "context": null,
              "code": "payload.end_date ='2023-01-01';\nconst response = await page.getNeows(payload);\nassert(response.status).to.equal(400);\nassert(response.body).to.be.jsonSchema(schemainvalid);",
              "err": {
                "message": "Error: Timeout of 180000ms exceeded. For async tests and hooks, ensure \"done()\" is called; if returning a Promise, ensure it resolves. (D:\\Belajar QA\\Api_Mocha_Chai\\test\\get_neows_test.js)",
                "estack": "Error: Timeout of 180000ms exceeded. For async tests and hooks, ensure \"done()\" is called; if returning a Promise, ensure it resolves. (D:\\Belajar QA\\Api_Mocha_Chai\\test\\get_neows_test.js)\n    at listOnTimeout (node:internal/timers:559:17)\n    at processTimers (node:internal/timers:502:7)",
                "diff": null
              },
              "uuid": "8447fc8d-4d6e-4970-a69f-841359aea1c1",
              "parentUUID": "03c5c84b-b1bd-4c61-925a-fff7594fd7ac",
              "isHook": false,
              "skipped": false
            },
            {
              "title": "@negative As User I want to see object near earth before today",
              "fullTitle": "@get As User I want to see data Neows @negative As User I want to see object near earth before today",
              "timedOut": false,
              "duration": 1334,
              "state": "passed",
              "speed": "slow",
              "pass": true,
              "fail": false,
              "pending": false,
              "context": null,
              "code": "payload.start_date = '2022-01-0'\npayload.end_date ='2022-01-0';\nconst response = await page.getNeows(payload);\nassert(response.status).to.equal(400);\nassert(response.body).to.be.jsonSchema(schemainvalid);",
              "err": {},
              "uuid": "1fa2c4d1-cb00-41db-b88f-a47cf5910123",
              "parentUUID": "03c5c84b-b1bd-4c61-925a-fff7594fd7ac",
              "isHook": false,
              "skipped": false
            }
          ],
          "suites": [],
          "passes": [
            "1562a1ed-232b-4128-87e3-cd2b46fd04e6",
            "1fa2c4d1-cb00-41db-b88f-a47cf5910123"
          ],
          "failures": [
            "8447fc8d-4d6e-4970-a69f-841359aea1c1"
          ],
          "pending": [],
          "skipped": [],
          "duration": 182602,
          "root": false,
          "rootEmpty": false,
          "_timeout": 180000
        }
      ],
      "passes": [],
      "failures": [],
      "pending": [],
      "skipped": [],
      "duration": 0,
      "root": true,
      "rootEmpty": true,
      "_timeout": 180000
    }
  ],
  "meta": {
    "mocha": {
      "version": "10.1.0"
    },
    "mochawesome": {
      "options": {
        "quiet": false,
        "reportFilename": "mochawesome",
        "saveHtml": true,
        "saveJson": true,
        "consoleReporter": "spec",
        "useInlineDiffs": false,
        "code": true
      },
      "version": "7.1.3"
    },
    "marge": {
      "options": {
        "reportDir": "reports/mochawesome/"
      },
      "version": "6.2.0"
    }
  }
}