{
  "stats": {
    "suites": 1,
    "tests": 2,
    "passes": 2,
    "pending": 0,
    "failures": 0,
    "start": "2022-12-02T10:42:37.153Z",
    "end": "2022-12-02T10:42:43.026Z",
    "duration": 5873,
    "testsRegistered": 2,
    "passPercent": 100,
    "pendingPercent": 0,
    "other": 0,
    "hasOther": false,
    "skipped": 0,
    "hasSkipped": false
  },
  "results": [
    {
      "uuid": "f2eff857-716a-4a87-a569-d833f6adf739",
      "title": "",
      "fullFile": "D:\\Belajar QA\\Api_Mocha_Chai\\test\\get_neows_test.js",
      "file": "\\test\\get_neows_test.js",
      "beforeHooks": [],
      "afterHooks": [],
      "tests": [],
      "suites": [
        {
          "uuid": "04c4b89d-49b7-4229-adfa-ab4884fb91f1",
          "title": "@get As User I want to see data Neows",
          "fullFile": "D:\\Belajar QA\\Api_Mocha_Chai\\test\\get_neows_test.js",
          "file": "\\test\\get_neows_test.js",
          "beforeHooks": [],
          "afterHooks": [],
          "tests": [
            {
              "title": "@positive As User I want to see object near earth",
              "fullTitle": "@get As User I want to see data Neows @positive As User I want to see object near earth",
              "timedOut": false,
              "duration": 4816,
              "state": "passed",
              "speed": "slow",
              "pass": true,
              "fail": false,
              "pending": false,
              "context": null,
              "code": "const response = await page.getNeows(payload);\nassert(response.status).to.equal(200);\nassert(response.body).to.be.jsonSchema(schema);",
              "err": {},
              "uuid": "670d1cf6-1728-42e2-8d64-efb2188703ca",
              "parentUUID": "04c4b89d-49b7-4229-adfa-ab4884fb91f1",
              "isHook": false,
              "skipped": false
            },
            {
              "title": "@negative As User I  want to see object near earth more than 7 days",
              "fullTitle": "@get As User I want to see data Neows @negative As User I  want to see object near earth more than 7 days",
              "timedOut": false,
              "duration": 1049,
              "state": "passed",
              "speed": "slow",
              "pass": true,
              "fail": false,
              "pending": false,
              "context": null,
              "code": "payload.end_date ='2023-01-01';\nconst response = await page.getNeows(payload);\nassert(response.status).to.equal(400);",
              "err": {},
              "uuid": "fe59647b-1167-44ec-a72a-63a169503d2d",
              "parentUUID": "04c4b89d-49b7-4229-adfa-ab4884fb91f1",
              "isHook": false,
              "skipped": false
            }
          ],
          "suites": [],
          "passes": [
            "670d1cf6-1728-42e2-8d64-efb2188703ca",
            "fe59647b-1167-44ec-a72a-63a169503d2d"
          ],
          "failures": [],
          "pending": [],
          "skipped": [],
          "duration": 5865,
          "root": false,
          "rootEmpty": false,
          "_timeout": 180000
        }
      ],
      "passes": [],
      "failures": [],
      "pending": [],
      "skipped": [],
      "duration": 0,
      "root": true,
      "rootEmpty": true,
      "_timeout": 180000
    }
  ],
  "meta": {
    "mocha": {
      "version": "10.1.0"
    },
    "mochawesome": {
      "options": {
        "quiet": false,
        "reportFilename": "mochawesome",
        "saveHtml": true,
        "saveJson": true,
        "consoleReporter": "spec",
        "useInlineDiffs": false,
        "code": true
      },
      "version": "7.1.3"
    },
    "marge": {
      "options": {
        "reportDir": "reports/mochawesome/"
      },
      "version": "6.2.0"
    }
  }
}